<?xml version="1.0" encoding="UTF-8"?>
<!-- Generated by org.testng.reporters.JUnitReportReporter -->
<testsuite hostname="Priya" failures="0" tests="3" name="orangehrm.login" time="14.339" errors="0" timestamp="2024-04-24T11:27:35 IST" skipped="0">
  <testcase classname="orangehrm.login" name="username_functionality" time="7.677"/>
  <testcase classname="orangehrm.login" name="buzz_functionality" time="4.596"/>
  <testcase classname="orangehrm.login" name="buzz_POST" time="2.066"/>
</testsuite> <!-- orangehrm.login -->
